<?xml version="1.0" encoding="UTF-8"?>
<!-- Generated by org.testng.reporters.JUnitReportReporter -->
<testsuite hostname="Noman" failures="0" tests="4" name="ui.LoginTest1" time="0.004" errors="0" timestamp="2022-03-13T12:14:59 BDT" skipped="0">
  <testcase classname="ui.LoginTest1" name="logoutTest" time="0.001"/>
  <system-out/>
  <testcase classname="ui.LoginTest1" name="logoutTest" time="0.001"/>
  <system-out/>
  <testcase classname="ui.LoginTest1" name="loginTest" time="0.001"/>
  <system-out/>
  <testcase classname="ui.LoginTest1" name="loginTest" time="0.001"/>
  <system-out/>
</testsuite> <!-- ui.LoginTest1 -->
