<?xml version="1.0" encoding="UTF-8"?>
<!-- Generated by org.testng.reporters.JUnitReportReporter -->
<testsuite hostname="Noman" failures="0" tests="4" name="ui.DataProviderDemoTest" time="22.412" errors="0" timestamp="2022-04-10T14:46:57 BDT" skipped="0">
  <testcase classname="ui.DataProviderDemoTest" name="test" time="1.320"/>
  <system-out/>
  <testcase classname="ui.DataProviderDemoTest" name="test" time="10.584"/>
  <system-out/>
  <testcase classname="ui.DataProviderDemoTest" name="test" time="1.358"/>
  <system-out/>
  <testcase classname="ui.DataProviderDemoTest" name="test" time="9.150"/>
  <system-out/>
</testsuite> <!-- ui.DataProviderDemoTest -->
