<?xml version="1.0" encoding="UTF-8"?>
<!-- Generated by org.testng.reporters.JUnitReportReporter -->
<testsuite hostname="Noman" failures="0" tests="3" name="ui.BeforeAfterTest" time="0.004" errors="0" timestamp="2022-03-30T15:56:26 BDT" skipped="0">
  <testcase classname="ui.BeforeAfterTest" name="test3" time="0.003"/>
  <system-out/>
  <testcase classname="ui.BeforeAfterTest" name="test1" time="0.001"/>
  <system-out/>
  <testcase classname="ui.BeforeAfterTest" name="test2" time="0.000"/>
  <system-out/>
</testsuite> <!-- ui.BeforeAfterTest -->
