<?xml version="1.0" encoding="UTF-8"?>
<!-- Generated by org.testng.reporters.JUnitReportReporter -->
<testsuite hostname="Noman" failures="0" tests="1" name="ui.VerifyTitleTest" time="3.491" errors="0" timestamp="2022-03-30T17:45:03 BDT" skipped="0">
  <testcase classname="ui.VerifyTitleTest" name="titleTest" time="3.491"/>
  <system-out/>
</testsuite> <!-- ui.VerifyTitleTest -->
