<?xml version="1.0" encoding="UTF-8"?>
<!-- Generated by org.testng.reporters.JUnitReportReporter -->
<testsuite hostname="Noman" failures="0" tests="12" name="ui.DataProviderDemoClass2" time="0.009" errors="0" timestamp="2022-04-27T11:05:28 BDT" skipped="0">
  <testcase classname="ui.DataProviderDemoClass2" name="test1" time="0.001"/>
  <system-out/>
  <testcase classname="ui.DataProviderDemoClass2" name="test2" time="0.001"/>
  <system-out/>
  <testcase classname="ui.DataProviderDemoClass2" name="test1" time="0.001"/>
  <system-out/>
  <testcase classname="ui.DataProviderDemoClass2" name="test" time="0.004"/>
  <system-out/>
  <testcase classname="ui.DataProviderDemoClass2" name="test1" time="0.001"/>
  <system-out/>
  <testcase classname="ui.DataProviderDemoClass2" name="test2" time="0.000"/>
  <system-out/>
  <testcase classname="ui.DataProviderDemoClass2" name="test" time="0.000"/>
  <system-out/>
  <testcase classname="ui.DataProviderDemoClass2" name="test2" time="0.000"/>
  <system-out/>
  <testcase classname="ui.DataProviderDemoClass2" name="test" time="0.000"/>
  <system-out/>
  <testcase classname="ui.DataProviderDemoClass2" name="test" time="0.000"/>
  <system-out/>
  <testcase classname="ui.DataProviderDemoClass2" name="test1" time="0.001"/>
  <system-out/>
  <testcase classname="ui.DataProviderDemoClass2" name="test2" time="0.000"/>
  <system-out/>
</testsuite> <!-- ui.DataProviderDemoClass2 -->
