<?xml version="1.0" encoding="UTF-8"?>
<!-- Generated by org.testng.reporters.JUnitReportReporter -->
<testsuite hostname="Noman" failures="0" tests="8" name="ui.GroupTest" time="0.007" errors="0" timestamp="2022-03-30T17:45:03 BDT" skipped="0">
  <testcase classname="ui.GroupTest" name="test3" time="0.002"/>
  <system-out/>
  <testcase classname="ui.GroupTest" name="test3" time="0.000"/>
  <system-out/>
  <testcase classname="ui.GroupTest" name="test4" time="0.001"/>
  <system-out/>
  <testcase classname="ui.GroupTest" name="test4" time="0.001"/>
  <system-out/>
  <testcase classname="ui.GroupTest" name="test1" time="0.000"/>
  <system-out/>
  <testcase classname="ui.GroupTest" name="test1" time="0.001"/>
  <system-out/>
  <testcase classname="ui.GroupTest" name="test2" time="0.001"/>
  <system-out/>
  <testcase classname="ui.GroupTest" name="test2" time="0.001"/>
  <system-out/>
</testsuite> <!-- ui.GroupTest -->
