<?xml version="1.0" encoding="UTF-8"?>
<!-- Generated by org.testng.reporters.JUnitReportReporter -->
<testsuite hostname="Noman" failures="0" tests="2" name="ui.LoginTest2" time="0.002" errors="0" timestamp="2022-03-30T17:45:03 BDT" skipped="0">
  <testcase classname="ui.LoginTest2" name="logoutTest" time="0.001"/>
  <system-out/>
  <testcase classname="ui.LoginTest2" name="loginTest" time="0.001"/>
  <system-out/>
</testsuite> <!-- ui.LoginTest2 -->
