<?xml version="1.0" encoding="UTF-8"?>
<!-- Generated by org.testng.reporters.JUnitReportReporter -->
<testsuite hostname="Noman" failures="0" tests="8" name="ui.DataProviderDemoClass" time="0.009" errors="0" timestamp="2022-04-24T12:24:16 BDT" skipped="0">
  <testcase classname="ui.DataProviderDemoClass" name="test1" time="0.001"/>
  <system-out/>
  <testcase classname="ui.DataProviderDemoClass" name="test" time="0.004"/>
  <system-out/>
  <testcase classname="ui.DataProviderDemoClass" name="test" time="0.001"/>
  <system-out/>
  <testcase classname="ui.DataProviderDemoClass" name="test1" time="0.001"/>
  <system-out/>
  <testcase classname="ui.DataProviderDemoClass" name="test" time="0.000"/>
  <system-out/>
  <testcase classname="ui.DataProviderDemoClass" name="test1" time="0.001"/>
  <system-out/>
  <testcase classname="ui.DataProviderDemoClass" name="test" time="0.000"/>
  <system-out/>
  <testcase classname="ui.DataProviderDemoClass" name="test1" time="0.001"/>
  <system-out/>
</testsuite> <!-- ui.DataProviderDemoClass -->
