<?xml version="1.0" encoding="UTF-8"?>
<!-- Generated by org.testng.reporters.JUnitReportReporter -->
<testsuite hostname="Noman" failures="0" tests="3" name="ui.SkipTest" time="0.002" errors="0" timestamp="2022-03-20T16:33:01 BDT" skipped="2">
  <testcase classname="ui.SkipTest" name="skipTest2" time="0.001">
    <skipped/>
  </testcase> <!-- skipTest2 -->
  <system-out/>
  <testcase classname="ui.SkipTest" name="skipTest3" time="0.001"/>
  <system-out/>
  <testcase classname="ui.SkipTest" name="skipTest1">
    <skipped/>
  </testcase> <!-- skipTest1 -->
  <system-out/>
</testsuite> <!-- ui.SkipTest -->
