<?xml version="1.0" encoding="UTF-8"?>
<!-- Generated by org.testng.reporters.JUnitReportReporter -->
<testsuite hostname="Noman" failures="0" tests="1" name="ui.VerifyTitleTest" time="3.340" errors="0" timestamp="2022-03-13T12:14:59 BDT" skipped="0">
  <testcase classname="ui.VerifyTitleTest" name="titleTest" time="3.340"/>
  <system-out/>
</testsuite> <!-- ui.VerifyTitleTest -->
