<?xml version="1.0" encoding="UTF-8"?>
<!-- Generated by org.testng.reporters.JUnitReportReporter -->
<testsuite hostname="Noman" failures="0" tests="4" name="ui.GroupTest2" time="0.008" errors="0" timestamp="2022-03-30T15:46:42 BDT" skipped="0">
  <testcase classname="ui.GroupTest2" name="test3" time="0.003"/>
  <system-out/>
  <testcase classname="ui.GroupTest2" name="test4" time="0.004"/>
  <system-out/>
  <testcase classname="ui.GroupTest2" name="test1" time="0.001"/>
  <system-out/>
  <testcase classname="ui.GroupTest2" name="test2" time="0.000"/>
  <system-out/>
</testsuite> <!-- ui.GroupTest2 -->
