<?xml version="1.0" encoding="UTF-8"?>
<!-- Generated by org.testng.reporters.JUnitReportReporter -->
<testsuite hostname="Noman" failures="0" tests="1" name="ui.ListenerDemoTest" time="5.611" errors="0" timestamp="2022-05-30T17:14:53 BDT" skipped="0">
  <testcase classname="ui.ListenerDemoTest" name="launchApp" time="5.611"/>
  <system-out/>
</testsuite> <!-- ui.ListenerDemoTest -->
