<?xml version="1.0" encoding="UTF-8"?>
<!-- Generated by org.testng.reporters.JUnitReportReporter -->
<testsuite hostname="Noman" failures="0" tests="8" name="ui.DataProviderTest" time="0.005" errors="0" timestamp="2022-04-07T13:52:23 BDT" skipped="0">
  <testcase classname="ui.DataProviderTest" name="test1" time="0.000"/>
  <system-out/>
  <testcase classname="ui.DataProviderTest" name="test1" time="0.000"/>
  <system-out/>
  <testcase classname="ui.DataProviderTest" name="test" time="0.003"/>
  <system-out/>
  <testcase classname="ui.DataProviderTest" name="test1" time="0.000"/>
  <system-out/>
  <testcase classname="ui.DataProviderTest" name="test" time="0.000"/>
  <system-out/>
  <testcase classname="ui.DataProviderTest" name="test" time="0.001"/>
  <system-out/>
  <testcase classname="ui.DataProviderTest" name="test" time="0.001"/>
  <system-out/>
  <testcase classname="ui.DataProviderTest" name="test1" time="0.000"/>
  <system-out/>
</testsuite> <!-- ui.DataProviderTest -->
