<?xml version="1.0" encoding="UTF-8"?>
<!-- Generated by org.testng.reporters.JUnitReportReporter -->
<testsuite hostname="Noman" failures="0" tests="4" name="ui.DataProviderDemoTest" time="11.156" errors="0" timestamp="2022-04-28T10:10:48 BDT" skipped="0">
  <testcase classname="ui.DataProviderDemoTest" name="test" time="1.358"/>
  <system-out/>
  <testcase classname="ui.DataProviderDemoTest" name="test" time="1.492"/>
  <system-out/>
  <testcase classname="ui.DataProviderDemoTest" name="test" time="6.385"/>
  <system-out/>
  <testcase classname="ui.DataProviderDemoTest" name="test" time="1.921"/>
  <system-out/>
</testsuite> <!-- ui.DataProviderDemoTest -->
