<?xml version="1.0" encoding="UTF-8"?>
<!-- Generated by org.testng.reporters.JUnitReportReporter -->
<testsuite hostname="Noman" failures="0" tests="1" name="ui.VerifyTitleTest" time="3.994" errors="0" timestamp="2022-03-08T12:18:16 BDT" skipped="0">
  <testcase classname="ui.VerifyTitleTest" name="titleTest" time="3.994"/>
  <system-out/>
</testsuite> <!-- ui.VerifyTitleTest -->
