<?xml version="1.0" encoding="UTF-8"?>
<!-- Generated by org.testng.reporters.JUnitReportReporter -->
<testsuite hostname="Noman" failures="0" tests="2" name="ui.LoginTest" time="0.004" errors="0" timestamp="2022-03-01T17:53:28 BDT" skipped="0">
  <testcase classname="ui.LoginTest" name="logoutTest" time="0.003"/>
  <system-out/>
  <testcase classname="ui.LoginTest" name="loginTest" time="0.001"/>
  <system-out/>
</testsuite> <!-- ui.LoginTest -->
