<?xml version="1.0" encoding="UTF-8"?>
<!-- Generated by org.testng.reporters.JUnitReportReporter -->
<testsuite hostname="Noman" failures="0" tests="1" name="ui.VerifyTitleAndTextTest" time="7.365" errors="0" timestamp="2022-03-09T16:00:24 BDT" skipped="0">
  <testcase classname="ui.VerifyTitleAndTextTest" name="titleTest" time="7.365"/>
  <system-out/>
</testsuite> <!-- ui.VerifyTitleAndTextTest -->
