<?xml version="1.0" encoding="UTF-8"?>
<!-- Generated by org.testng.reporters.JUnitReportReporter -->
<testsuite hostname="Noman" failures="0" tests="1" name="ui.VerifyTitleAndTextTest" time="2.788" errors="0" timestamp="2022-03-13T12:14:59 BDT" skipped="0">
  <testcase classname="ui.VerifyTitleAndTextTest" name="titleTest" time="2.788"/>
  <system-out/>
</testsuite> <!-- ui.VerifyTitleAndTextTest -->
