<?xml version="1.0" encoding="UTF-8"?>
<!-- Generated by org.testng.reporters.JUnitReportReporter -->
<testsuite hostname="Noman" failures="0" tests="4" name="ui.LoginTest3" time="0.003" errors="0" timestamp="2022-03-30T17:45:03 BDT" skipped="0">
  <testcase classname="ui.LoginTest3" name="logoutTest" time="0.000"/>
  <system-out/>
  <testcase classname="ui.LoginTest3" name="logoutTest" time="0.001"/>
  <system-out/>
  <testcase classname="ui.LoginTest3" name="loginTest" time="0.002"/>
  <system-out/>
  <testcase classname="ui.LoginTest3" name="loginTest" time="0.000"/>
  <system-out/>
</testsuite> <!-- ui.LoginTest3 -->
