<?xml version="1.0" encoding="UTF-8"?>
<!-- Generated by org.testng.reporters.JUnitReportReporter -->
<testsuite hostname="Noman" failures="0" tests="1" name="ui.VerifyTitleTest" time="6.177" errors="0" timestamp="2022-03-09T12:29:10 BDT" skipped="0">
  <testcase classname="ui.VerifyTitleTest" name="titleTest" time="6.177"/>
  <system-out/>
</testsuite> <!-- ui.VerifyTitleTest -->
